npm ERR! code ERESOLVE
npm ERR! ERESOLVE could not resolve
npm ERR! 
npm ERR! While resolving: loki@0.28.1
npm ERR! Found: @storybook/react@7.0.18
npm ERR! node_modules/@storybook/react
npm ERR!   @storybook/react@"7.0.18" from @storybook/preset-react-webpack@7.0.18
npm ERR!   node_modules/@storybook/preset-react-webpack
npm ERR!     @storybook/preset-react-webpack@"7.0.18" from @storybook/react-webpack5@7.0.18
npm ERR!     node_modules/@storybook/react-webpack5
npm ERR!       dev @storybook/react-webpack5@"^7.0.18" from the root project
npm ERR!   @storybook/react@"7.0.18" from @storybook/react-webpack5@7.0.18
npm ERR!   node_modules/@storybook/react-webpack5
npm ERR!     dev @storybook/react-webpack5@"^7.0.18" from the root project
npm ERR!   1 more (the root project)
npm ERR! 
npm ERR! Could not resolve dependency:
npm ERR! peerOptional @storybook/react@"^5 || ^6" from loki@0.28.1
npm ERR! node_modules/loki
npm ERR!   dev loki@"^0.28.1" from the root project
npm ERR! 
npm ERR! Conflicting peer dependency: @storybook/react@6.5.16
npm ERR! node_modules/@storybook/react
npm ERR!   peerOptional @storybook/react@"^5 || ^6" from loki@0.28.1
npm ERR!   node_modules/loki
npm ERR!     dev loki@"^0.28.1" from the root project
npm ERR! 
npm ERR! Fix the upstream dependency conflict, or retry
npm ERR! this command with --force or --legacy-peer-deps
npm ERR! to accept an incorrect (and potentially broken) dependency resolution.
npm ERR! 
npm ERR! 
npm ERR! For a full report see:
npm ERR! /home/anna/.npm/_logs/2023-05-29T08_02_57_184Z-eresolve-report.txt

npm ERR! A complete log of this run can be found in: /home/anna/.npm/_logs/2023-05-29T08_02_57_184Z-debug-0.log
